# JRE version: OpenJDK Runtime Environment Microsoft-7208460 (11.0.18+10) (build 11.0.18+10-LTS)
# Java VM: OpenJDK 64-Bit Server VM Microsoft-7208460 (11.0.18+10-LTS, mixed mode, tiered, compressed oops, g1 gc, windows-amd64)
Heap:
 garbage-first heap   total 416768K, used 287652K [0x0000000080000000, 0x0000000100000000)
  region size 1024K, 46 young (47104K), 6 survivors (6144K)
 Metaspace       used 128384K, capacity 132834K, committed 133072K, reserved 632832K
  class space    used 16581K, capacity 18255K, committed 18304K, reserved 516096K
GC Heap History (20 events):
Event: 81.836 GC heap before
{Heap before GC invocations=60 (full 0):
 garbage-first heap   total 278528K, used 241270K [0x0000000080000000, 0x0000000100000000)
  region size 1024K, 18 young (18432K), 3 survivors (3072K)
 Metaspace       used 123785K, capacity 128030K, committed 128208K, reserved 626688K
  class space    used 16124K, capacity 17745K, committed 17792K, reserved 516096K
}
Event: 81.840 GC heap after
{Heap after GC invocations=61 (full 0):
 garbage-first heap   total 278528K, used 228290K [0x0000000080000000, 0x0000000100000000)
  region size 1024K, 3 young (3072K), 3 survivors (3072K)
 Metaspace       used 123785K, capacity 128030K, committed 128208K, reserved 626688K
  class space    used 16124K, capacity 17745K, committed 17792K, reserved 516096K
}
Event: 81.953 GC heap before
{Heap before GC invocations=61 (full 0):
 garbage-first heap   total 278528K, used 241602K [0x0000000080000000, 0x0000000100000000)
  region size 1024K, 17 young (17408K), 3 survivors (3072K)
 Metaspace       used 124252K, capacity 128621K, committed 128848K, reserved 628736K
  class space    used 16185K, capacity 17812K, committed 17920K, reserved 516096K
}
Event: 81.956 GC heap after
{Heap after GC invocations=62 (full 0):
 garbage-first heap   total 278528K, used 230210K [0x0000000080000000, 0x0000000100000000)
  region size 1024K, 3 young (3072K), 3 survivors (3072K)
 Metaspace       used 124252K, capacity 128621K, committed 128848K, reserved 628736K
  class space    used 16185K, capacity 17812K, committed 17920K, reserved 516096K
}
Event: 82.085 GC heap before
{Heap before GC invocations=62 (full 0):
 garbage-first heap   total 278528K, used 241474K [0x0000000080000000, 0x0000000100000000)
  region size 1024K, 15 young (15360K), 3 survivors (3072K)
 Metaspace       used 124502K, capacity 128884K, committed 129104K, reserved 628736K
  class space    used 16209K, capacity 17854K, committed 17920K, reserved 516096K
}
Event: 82.088 GC heap after
{Heap after GC invocations=63 (full 0):
 garbage-first heap   total 278528K, used 231992K [0x0000000080000000, 0x0000000100000000)
  region size 1024K, 2 young (2048K), 2 survivors (2048K)
 Metaspace       used 124502K, capacity 128884K, committed 129104K, reserved 628736K
  class space    used 16209K, capacity 17854K, committed 17920K, reserved 516096K
}
Event: 82.179 GC heap before
{Heap before GC invocations=63 (full 0):
 garbage-first heap   total 278528K, used 244280K [0x0000000080000000, 0x0000000100000000)
  region size 1024K, 14 young (14336K), 2 survivors (2048K)
 Metaspace       used 124935K, capacity 129300K, committed 129360K, reserved 628736K
  class space    used 16260K, capacity 17886K, committed 17920K, reserved 516096K
}
Event: 82.182 GC heap after
{Heap after GC invocations=64 (full 0):
 garbage-first heap   total 278528K, used 234132K [0x0000000080000000, 0x0000000100000000)
  region size 1024K, 2 young (2048K), 2 survivors (2048K)
 Metaspace       used 124935K, capacity 129300K, committed 129360K, reserved 628736K
  class space    used 16260K, capacity 17886K, committed 17920K, reserved 516096K
}
Event: 82.281 GC heap before
{Heap before GC invocations=64 (full 0):
 garbage-first heap   total 278528K, used 245396K [0x0000000080000000, 0x0000000100000000)
  region size 1024K, 13 young (13312K), 2 survivors (2048K)
 Metaspace       used 125133K, capacity 129587K, committed 129744K, reserved 628736K
  class space    used 16282K, capacity 17937K, committed 18048K, reserved 516096K
}
Event: 82.286 GC heap after
{Heap after GC invocations=65 (full 0):
 garbage-first heap   total 334848K, used 235929K [0x0000000080000000, 0x0000000100000000)
  region size 1024K, 2 young (2048K), 2 survivors (2048K)
 Metaspace       used 125133K, capacity 129587K, committed 129744K, reserved 628736K
  class space    used 16282K, capacity 17937K, committed 18048K, reserved 516096K
}
Event: 82.537 GC heap before
{Heap before GC invocations=65 (full 0):
 garbage-first heap   total 334848K, used 273817K [0x0000000080000000, 0x0000000100000000)
  region size 1024K, 32 young (32768K), 2 survivors (2048K)
 Metaspace       used 125189K, capacity 129625K, committed 129744K, reserved 628736K
  class space    used 16287K, capacity 17945K, committed 18048K, reserved 516096K
}
Event: 82.544 GC heap after
{Heap after GC invocations=66 (full 0):
 garbage-first heap   total 334848K, used 239246K [0x0000000080000000, 0x0000000100000000)
  region size 1024K, 4 young (4096K), 4 survivors (4096K)
 Metaspace       used 125189K, capacity 129625K, committed 129744K, reserved 628736K
  class space    used 16287K, capacity 17945K, committed 18048K, reserved 516096K
}
Event: 82.636 GC heap before
{Heap before GC invocations=66 (full 0):
 garbage-first heap   total 334848K, used 274062K [0x0000000080000000, 0x0000000100000000)
  region size 1024K, 35 young (35840K), 4 survivors (4096K)
 Metaspace       used 125201K, capacity 129626K, committed 129744K, reserved 628736K
  class space    used 16288K, capacity 17945K, committed 18048K, reserved 516096K
}
Event: 82.642 GC heap after
{Heap after GC invocations=67 (full 0):
 garbage-first heap   total 334848K, used 242173K [0x0000000080000000, 0x0000000100000000)
  region size 1024K, 4 young (4096K), 4 survivors (4096K)
 Metaspace       used 125201K, capacity 129626K, committed 129744K, reserved 628736K
  class space    used 16288K, capacity 17945K, committed 18048K, reserved 516096K
}
Event: 82.767 GC heap before
{Heap before GC invocations=67 (full 0):
 garbage-first heap   total 334848K, used 272893K [0x0000000080000000, 0x0000000100000000)
  region size 1024K, 35 young (35840K), 4 survivors (4096K)
 Metaspace       used 125281K, capacity 129712K, committed 130000K, reserved 628736K
  class space    used 16294K, capacity 17949K, committed 18048K, reserved 516096K
}
Event: 82.772 GC heap after
{Heap after GC invocations=68 (full 0):
 garbage-first heap   total 334848K, used 243716K [0x0000000080000000, 0x0000000100000000)
  region size 1024K, 4 young (4096K), 4 survivors (4096K)
 Metaspace       used 125281K, capacity 129712K, committed 130000K, reserved 628736K
  class space    used 16294K, capacity 17949K, committed 18048K, reserved 516096K
}
Event: 84.130 GC heap before
{Heap before GC invocations=68 (full 0):
 garbage-first heap   total 334848K, used 279556K [0x0000000080000000, 0x0000000100000000)
  region size 1024K, 36 young (36864K), 4 survivors (4096K)
 Metaspace       used 126342K, capacity 130752K, committed 131024K, reserved 630784K
  class space    used 16357K, capacity 18017K, committed 18048K, reserved 516096K
}
Event: 84.137 GC heap after
{Heap after GC invocations=69 (full 0):
 garbage-first heap   total 416768K, used 247696K [0x0000000080000000, 0x0000000100000000)
  region size 1024K, 5 young (5120K), 5 survivors (5120K)
 Metaspace       used 126342K, capacity 130752K, committed 131024K, reserved 630784K
  class space    used 16357K, capacity 18017K, committed 18048K, reserved 516096K
}
Event: 90.198 GC heap before
{Heap before GC invocations=69 (full 0):
 garbage-first heap   total 416768K, used 317328K [0x0000000080000000, 0x0000000100000000)
  region size 1024K, 70 young (71680K), 5 survivors (5120K)
 Metaspace       used 126892K, capacity 131394K, committed 131664K, reserved 630784K
  class space    used 16439K, capacity 18102K, committed 18176K, reserved 516096K
}
Event: 90.208 GC heap after
{Heap after GC invocations=70 (full 0):
 garbage-first heap   total 416768K, used 248740K [0x0000000080000000, 0x0000000100000000)
  region size 1024K, 6 young (6144K), 6 survivors (6144K)
 Metaspace       used 126892K, capacity 131394K, committed 131664K, reserved 630784K
  class space    used 16439K, capacity 18102K, committed 18176K, reserved 516096K
}

